Determining if the pthread_create exist failed with the following output:
Change Dir: /mnt/c/Users/Padx/OneDrive/UDACITY/Term3/CarND-Capstone/ros/build/CMakeFiles/CMakeTmp

Run Build Command:"/usr/bin/make" "cmTC_7583e/fast"
/usr/bin/make -f CMakeFiles/cmTC_7583e.dir/build.make CMakeFiles/cmTC_7583e.dir/build
make[1]: Entering directory '/mnt/c/Users/Padx/OneDrive/UDACITY/Term3/CarND-Capstone/ros/build/CMakeFiles/CMakeTmp'
Building C object CMakeFiles/cmTC_7583e.dir/CheckSymbolExists.c.o
/usr/bin/cc     -o CMakeFiles/cmTC_7583e.dir/CheckSymbolExists.c.o   -c /mnt/c/Users/Padx/OneDrive/UDACITY/Term3/CarND-Capstone/ros/build/CMakeFiles/CMakeTmp/CheckSymbolExists.c
Linking C executable cmTC_7583e
/usr/bin/cmake -E cmake_link_script CMakeFiles/cmTC_7583e.dir/link.txt --verbose=1
/usr/bin/cc       CMakeFiles/cmTC_7583e.dir/CheckSymbolExists.c.o  -o cmTC_7583e -rdynamic 
CMakeFiles/cmTC_7583e.dir/CheckSymbolExists.c.o: In function `main':
CheckSymbolExists.c:(.text+0x16): undefined reference to `pthread_create'
collect2: error: ld returned 1 exit status
CMakeFiles/cmTC_7583e.dir/build.make:97: recipe for target 'cmTC_7583e' failed
make[1]: *** [cmTC_7583e] Error 1
make[1]: Leaving directory '/mnt/c/Users/Padx/OneDrive/UDACITY/Term3/CarND-Capstone/ros/build/CMakeFiles/CMakeTmp'
Makefile:126: recipe for target 'cmTC_7583e/fast' failed
make: *** [cmTC_7583e/fast] Error 2

File /mnt/c/Users/Padx/OneDrive/UDACITY/Term3/CarND-Capstone/ros/build/CMakeFiles/CMakeTmp/CheckSymbolExists.c:
/* */
#include <pthread.h>

int main(int argc, char** argv)
{
  (void)argv;
#ifndef pthread_create
  return ((int*)(&pthread_create))[argc];
#else
  (void)argc;
  return 0;
#endif
}

Determining if the function pthread_create exists in the pthreads failed with the following output:
Change Dir: /mnt/c/Users/Padx/OneDrive/UDACITY/Term3/CarND-Capstone/ros/build/CMakeFiles/CMakeTmp

Run Build Command:"/usr/bin/make" "cmTC_5bc48/fast"
/usr/bin/make -f CMakeFiles/cmTC_5bc48.dir/build.make CMakeFiles/cmTC_5bc48.dir/build
make[1]: Entering directory '/mnt/c/Users/Padx/OneDrive/UDACITY/Term3/CarND-Capstone/ros/build/CMakeFiles/CMakeTmp'
Building C object CMakeFiles/cmTC_5bc48.dir/CheckFunctionExists.c.o
/usr/bin/cc    -DCHECK_FUNCTION_EXISTS=pthread_create   -o CMakeFiles/cmTC_5bc48.dir/CheckFunctionExists.c.o   -c /usr/share/cmake-3.5/Modules/CheckFunctionExists.c
Linking C executable cmTC_5bc48
/usr/bin/cmake -E cmake_link_script CMakeFiles/cmTC_5bc48.dir/link.txt --verbose=1
/usr/bin/cc   -DCHECK_FUNCTION_EXISTS=pthread_create    CMakeFiles/cmTC_5bc48.dir/CheckFunctionExists.c.o  -o cmTC_5bc48 -rdynamic -lpthreads 
/usr/bin/ld: cannot find -lpthreads
collect2: error: ld returned 1 exit status
CMakeFiles/cmTC_5bc48.dir/build.make:97: recipe for target 'cmTC_5bc48' failed
make[1]: *** [cmTC_5bc48] Error 1
make[1]: Leaving directory '/mnt/c/Users/Padx/OneDrive/UDACITY/Term3/CarND-Capstone/ros/build/CMakeFiles/CMakeTmp'
Makefile:126: recipe for target 'cmTC_5bc48/fast' failed
make: *** [cmTC_5bc48/fast] Error 2


